[debug] [2019-07-12T10:05:57.313Z] ----------------------------------------------------------------------
[debug] [2019-07-12T10:05:57.317Z] Command:       C:\Program Files\nodejs\node.exe C:\Users\addic\AppData\Roaming\npm\node_modules\firebase-tools\lib\bin\firebase.js init
[debug] [2019-07-12T10:05:57.318Z] CLI Version:   7.1.0
[debug] [2019-07-12T10:05:57.318Z] Platform:      win32
[debug] [2019-07-12T10:05:57.318Z] Node Version:  v10.16.0
[debug] [2019-07-12T10:05:57.320Z] Time:          Fri Jul 12 2019 15:50:57 GMT+0545 (Nepal Time)
[debug] [2019-07-12T10:05:57.320Z] ----------------------------------------------------------------------
[debug] 
[debug] [2019-07-12T10:05:57.334Z] > command requires scopes: ["email","openid","https://www.googleapis.com/auth/cloudplatformprojects.readonly","https://www.googleapis.com/auth/firebase","https://www.googleapis.com/auth/cloud-platform"]
[debug] [2019-07-12T10:05:57.336Z] > authorizing via signed-in user
[info] 
     ######## #### ########  ######## ########     ###     ######  ########
     ##        ##  ##     ## ##       ##     ##  ##   ##  ##       ##
     ######    ##  ########  ######   ########  #########  ######  ######
     ##        ##  ##    ##  ##       ##     ## ##     ##       ## ##
     ##       #### ##     ## ######## ########  ##     ##  ######  ########

You're about to initialize a Firebase project in this directory:

  D:\Projects\Angular\firebase-demo

[info] 
=== Project Setup
[info] 
[info] First, let's associate this project directory with a Firebase project.
[info] You can create multiple project aliases by running firebase use --add, 
[info] but for now we'll just set up a default project.
[info] 
[debug] [2019-07-12T10:06:01.507Z] > refreshing access token with scopes: ["email","https://www.googleapis.com/auth/cloud-platform","https://www.googleapis.com/auth/cloudplatformprojects.readonly","https://www.googleapis.com/auth/firebase","openid"]
[debug] [2019-07-12T10:06:01.507Z] >>> HTTP REQUEST POST https://www.googleapis.com/oauth2/v3/token  
 <request body omitted>
[debug] [2019-07-12T10:06:02.073Z] <<< HTTP RESPONSE 200
[debug] [2019-07-12T10:06:02.140Z] >>> HTTP REQUEST GET https://firebase.googleapis.com/v1beta1/projects?page_size=100  
 
[debug] [2019-07-12T10:06:03.030Z] <<< HTTP RESPONSE 200
[info] 
=== Hosting Setup
[info] 
[info] Your public directory is the folder (relative to your project directory) that
[info] will contain Hosting assets to be uploaded with firebase deploy. If you
[info] have a build process for your assets, use your build's output directory.
[info] 
